0 info it worked if it ends with ok
1 verbose cli [ '/Users/Doma/.nvm/versions/node/v6.3.0/bin/node',
1 verbose cli   '/Users/Doma/.nvm/versions/node/v6.3.0/bin/npm',
1 verbose cli   'start' ]
2 info using npm@3.10.6
3 info using node@v6.3.0
4 verbose run-script [ 'prestart', 'start', 'poststart' ]
5 info lifecycle getting-start-with-webpack@1.0.0~prestart: getting-start-with-webpack@1.0.0
6 silly lifecycle getting-start-with-webpack@1.0.0~prestart: no script for prestart, continuing
7 info lifecycle getting-start-with-webpack@1.0.0~start: getting-start-with-webpack@1.0.0
8 verbose lifecycle getting-start-with-webpack@1.0.0~start: unsafe-perm in lifecycle true
9 verbose lifecycle getting-start-with-webpack@1.0.0~start: PATH: /Users/Doma/.nvm/versions/node/v6.3.0/lib/node_modules/npm/bin/node-gyp-bin:/Users/Doma/Downloads/reactInterface/node_modules/.bin:/Users/Doma/Downloads/google-cloud-sdk/bin:/Users/Doma/.nvm/versions/node/v6.3.0/bin:/Users/Doma/bin/Sencha/Cmd/5.1.3.61:/usr/local/bin:/usr/bin:/bin:/usr/sbin:/sbin:/usr/local/git/bin
10 verbose lifecycle getting-start-with-webpack@1.0.0~start: CWD: /Users/Doma/Downloads/reactInterface
11 silly lifecycle getting-start-with-webpack@1.0.0~start: Args: [ '-c', 'webpack-dev-server' ]
12 silly lifecycle getting-start-with-webpack@1.0.0~start: Returned: code: 1  signal: null
13 info lifecycle getting-start-with-webpack@1.0.0~start: Failed to exec start script
14 verbose stack Error: getting-start-with-webpack@1.0.0 start: `webpack-dev-server`
14 verbose stack Exit status 1
14 verbose stack     at EventEmitter.<anonymous> (/Users/Doma/.nvm/versions/node/v6.3.0/lib/node_modules/npm/lib/utils/lifecycle.js:255:16)
14 verbose stack     at emitTwo (events.js:106:13)
14 verbose stack     at EventEmitter.emit (events.js:191:7)
14 verbose stack     at ChildProcess.<anonymous> (/Users/Doma/.nvm/versions/node/v6.3.0/lib/node_modules/npm/lib/utils/spawn.js:40:14)
14 verbose stack     at emitTwo (events.js:106:13)
14 verbose stack     at ChildProcess.emit (events.js:191:7)
14 verbose stack     at maybeClose (internal/child_process.js:852:16)
14 verbose stack     at Process.ChildProcess._handle.onexit (internal/child_process.js:215:5)
15 verbose pkgid getting-start-with-webpack@1.0.0
16 verbose cwd /Users/Doma/Downloads/reactInterface
17 error Darwin 15.5.0
18 error argv "/Users/Doma/.nvm/versions/node/v6.3.0/bin/node" "/Users/Doma/.nvm/versions/node/v6.3.0/bin/npm" "start"
19 error node v6.3.0
20 error npm  v3.10.6
21 error code ELIFECYCLE
22 error getting-start-with-webpack@1.0.0 start: `webpack-dev-server`
22 error Exit status 1
23 error Failed at the getting-start-with-webpack@1.0.0 start script 'webpack-dev-server'.
23 error Make sure you have the latest version of node.js and npm installed.
23 error If you do, this is most likely a problem with the getting-start-with-webpack package,
23 error not with npm itself.
23 error Tell the author that this fails on your system:
23 error     webpack-dev-server
23 error You can get information on how to open an issue for this project with:
23 error     npm bugs getting-start-with-webpack
23 error Or if that isn't available, you can get their info via:
23 error     npm owner ls getting-start-with-webpack
23 error There is likely additional logging output above.
24 verbose exit [ 1, true ]
